E0503 10:43:59.344447 32071 init_intrinsics_check.cc:54] CPU feature avx is present on your machine, but the Caffe2 binary is not compiled with it. It means you may not get the full speed of your CPU.
E0503 10:43:59.344493 32071 init_intrinsics_check.cc:54] CPU feature avx2 is present on your machine, but the Caffe2 binary is not compiled with it. It means you may not get the full speed of your CPU.
E0503 10:43:59.344508 32071 init_intrinsics_check.cc:54] CPU feature fma is present on your machine, but the Caffe2 binary is not compiled with it. It means you may not get the full speed of your CPU.
INFO train_net.py: 181: Called with args:
INFO train_net.py: 182: Namespace(cfg_file='configs/12_2017_baselines/retinanet_R-50-FPN_1x.yaml', multi_gpu_testing=False, opts=['OUTPUT_DIR', './tmp/detectron-output'], skip_test=False)
INFO train_net.py: 188: Training with config:
INFO train_net.py: 189: {'BBOX_XFORM_CLIP': 4.1351665567423561,
 'CLUSTER': {'ON_CLUSTER': False},
 'DATA_LOADER': {'NUM_THREADS': 4},
 'DEDUP_BOXES': 0.0625,
 'DOWNLOAD_CACHE': '/tmp/detectron-download-cache',
 'EPS': 1e-14,
 'EXPECTED_RESULTS': [],
 'EXPECTED_RESULTS_ATOL': 0.005,
 'EXPECTED_RESULTS_EMAIL': '',
 'EXPECTED_RESULTS_RTOL': 0.1,
 'FAST_RCNN': {'MLP_HEAD_DIM': 1024,
               'ROI_BOX_HEAD': '',
               'ROI_XFORM_METHOD': 'RoIPoolF',
               'ROI_XFORM_RESOLUTION': 14,
               'ROI_XFORM_SAMPLING_RATIO': 0},
 'FPN': {'COARSEST_STRIDE': 128,
         'DIM': 256,
         'EXTRA_CONV_LEVELS': True,
         'FPN_ON': True,
         'MULTILEVEL_ROIS': False,
         'MULTILEVEL_RPN': True,
         'ROI_CANONICAL_LEVEL': 4,
         'ROI_CANONICAL_SCALE': 224,
         'ROI_MAX_LEVEL': 5,
         'ROI_MIN_LEVEL': 2,
         'RPN_ANCHOR_START_SIZE': 32,
         'RPN_ASPECT_RATIOS': (0.5, 1, 2),
         'RPN_MAX_LEVEL': 7,
         'RPN_MIN_LEVEL': 3,
         'ZERO_INIT_LATERAL': False},
 'KRCNN': {'CONV_HEAD_DIM': 256,
           'CONV_HEAD_KERNEL': 3,
           'CONV_INIT': 'GaussianFill',
           'DECONV_DIM': 256,
           'DECONV_KERNEL': 4,
           'DILATION': 1,
           'HEATMAP_SIZE': -1,
           'INFERENCE_MIN_SIZE': 0,
           'KEYPOINT_CONFIDENCE': 'bbox',
           'LOSS_WEIGHT': 1.0,
           'MIN_KEYPOINT_COUNT_FOR_VALID_MINIBATCH': 20,
           'NMS_OKS': False,
           'NORMALIZE_BY_VISIBLE_KEYPOINTS': True,
           'NUM_KEYPOINTS': -1,
           'NUM_STACKED_CONVS': 8,
           'ROI_KEYPOINTS_HEAD': '',
           'ROI_XFORM_METHOD': 'RoIAlign',
           'ROI_XFORM_RESOLUTION': 7,
           'ROI_XFORM_SAMPLING_RATIO': 0,
           'UP_SCALE': -1,
           'USE_DECONV': False,
           'USE_DECONV_OUTPUT': False},
 'MATLAB': 'matlab',
 'MEMONGER': True,
 'MEMONGER_SHARE_ACTIVATIONS': False,
 'MODEL': {'BBOX_REG_WEIGHTS': (10.0, 10.0, 5.0, 5.0),
           'CLS_AGNOSTIC_BBOX_REG': False,
           'CONV_BODY': 'FPN.add_fpn_ResNet50_conv5_body',
           'EXECUTION_TYPE': 'dag',
           'FASTER_RCNN': False,
           'KEYPOINTS_ON': False,
           'MASK_ON': False,
           'NUM_CLASSES': 81,
           'RPN_ONLY': False,
           'TYPE': 'retinanet'},
 'MRCNN': {'CLS_SPECIFIC_MASK': True,
           'CONV_INIT': 'GaussianFill',
           'DILATION': 2,
           'DIM_REDUCED': 256,
           'RESOLUTION': 14,
           'ROI_MASK_HEAD': '',
           'ROI_XFORM_METHOD': 'RoIAlign',
           'ROI_XFORM_RESOLUTION': 7,
           'ROI_XFORM_SAMPLING_RATIO': 0,
           'THRESH_BINARIZE': 0.5,
           'UPSAMPLE_RATIO': 1,
           'USE_FC_OUTPUT': False,
           'WEIGHT_LOSS_MASK': 1.0},
 'NUM_GPUS': 2,
 'OUTPUT_DIR': './tmp/detectron-output',
 'PIXEL_MEANS': array([[[ 102.9801,  115.9465,  122.7717]]]),
 'RESNETS': {'NUM_GROUPS': 1,
             'RES5_DILATION': 1,
             'STRIDE_1X1': True,
             'TRANS_FUNC': 'bottleneck_transformation',
             'WIDTH_PER_GROUP': 64},
 'RETINANET': {'ANCHOR_SCALE': 4,
               'ASPECT_RATIOS': (1.0, 0.3, 0.7),
               'BBOX_REG_BETA': 0.11,
               'BBOX_REG_WEIGHT': 1.0,
               'CLASS_SPECIFIC_BBOX': False,
               'INFERENCE_TH': 0.05,
               'LOSS_ALPHA': 0.25,
               'LOSS_GAMMA': 2.0,
               'NEGATIVE_OVERLAP': 0.4,
               'NUM_CONVS': 4,
               'POSITIVE_OVERLAP': 0.5,
               'PRE_NMS_TOP_N': 1000,
               'PRIOR_PROB': 0.01,
               'RETINANET_ON': True,
               'SCALES_PER_OCTAVE': 3,
               'SHARE_CLS_BBOX_TOWER': False,
               'SOFTMAX': False},
 'RFCN': {'PS_GRID_SIZE': 3},
 'RNG_SEED': 3,
 'ROOT_DIR': '/home/data/liuyong/choas/method/Detectron-rects_cos_anchors_IOU_bboxfit',
 'RPN': {'ASPECT_RATIOS': (0.5, 1, 2),
         'RPN_ON': False,
         'SIZES': (64, 128, 256, 512),
         'STRIDE': 16},
 'SOLVER': {'BASE_LR': 0.01,
            'GAMMA': 0.1,
            'LOG_LR_CHANGE_THRESHOLD': 1.1,
            'LRS': [],
            'LR_POLICY': 'steps_with_decay',
            'MAX_ITER': 100000,
            'MOMENTUM': 0.9,
            'SCALE_MOMENTUM': True,
            'SCALE_MOMENTUM_THRESHOLD': 1.1,
            'STEPS': [0, 60000, 80000],
            'STEP_SIZE': 30000,
            'WARM_UP_FACTOR': 0.3333333333333333,
            'WARM_UP_ITERS': 500,
            'WARM_UP_METHOD': u'linear',
            'WEIGHT_DECAY': 0.0001},
 'TEST': {'BBOX_AUG': {'AREA_TH_HI': 32400,
                       'AREA_TH_LO': 2500,
                       'ASPECT_RATIOS': (),
                       'ASPECT_RATIO_H_FLIP': False,
                       'COORD_HEUR': 'UNION',
                       'ENABLED': False,
                       'H_FLIP': False,
                       'MAX_SIZE': 4000,
                       'SCALES': (),
                       'SCALE_H_FLIP': False,
                       'SCALE_SIZE_DEP': False,
                       'SCORE_HEUR': 'UNION'},
          'BBOX_REG': True,
          'BBOX_VOTE': {'ENABLED': False,
                        'SCORING_METHOD': 'ID',
                        'SCORING_METHOD_BETA': 1.0,
                        'VOTE_TH': 0.8},
          'COMPETITION_MODE': True,
          'DATASET': '',
          'DATASETS': ('coco_2014_minival',),
          'DETECTIONS_PER_IM': 100,
          'FORCE_JSON_DATASET_EVAL': False,
          'KPS_AUG': {'AREA_TH': 32400,
                      'ASPECT_RATIOS': (),
                      'ASPECT_RATIO_H_FLIP': False,
                      'ENABLED': False,
                      'HEUR': 'HM_AVG',
                      'H_FLIP': False,
                      'MAX_SIZE': 4000,
                      'SCALES': (),
                      'SCALE_H_FLIP': False,
                      'SCALE_SIZE_DEP': False},
          'MASK_AUG': {'AREA_TH': 32400,
                       'ASPECT_RATIOS': (),
                       'ASPECT_RATIO_H_FLIP': False,
                       'ENABLED': False,
                       'HEUR': 'SOFT_AVG',
                       'H_FLIP': False,
                       'MAX_SIZE': 4000,
                       'SCALES': (),
                       'SCALE_H_FLIP': False,
                       'SCALE_SIZE_DEP': False},
          'MAX_SIZE': 1333,
          'NMS': 0.5,
          'PRECOMPUTED_PROPOSALS': False,
          'PROPOSAL_FILE': '',
          'PROPOSAL_FILES': (),
          'PROPOSAL_LIMIT': 2000,
          'RPN_MIN_SIZE': 0,
          'RPN_NMS_THRESH': 0.7,
          'RPN_POST_NMS_TOP_N': 2000,
          'RPN_PRE_NMS_TOP_N': 10000,
          'SCALES': (800,),
          'SCORE_THRESH': 0.05,
          'SOFT_NMS': {'ENABLED': False, 'METHOD': 'linear', 'SIGMA': 0.5},
          'WEIGHTS': ''},
 'TRAIN': {'ASPECT_GROUPING': True,
           'AUTO_RESUME': True,
           'BATCH_SIZE_PER_IM': 64,
           'BBOX_THRESH': 0.5,
           'BG_THRESH_HI': 0.5,
           'BG_THRESH_LO': 0.0,
           'CROWD_FILTER_THRESH': 0.7,
           'DATASETS': ('coco_2014_train', 'coco_2014_valminusminival'),
           'FG_FRACTION': 0.25,
           'FG_THRESH': 0.5,
           'FREEZE_CONV_BODY': False,
           'GT_MIN_AREA': -1,
           'IMS_PER_BATCH': 2,
           'MAX_SIZE': 1333,
           'PROPOSAL_FILES': (),
           'RPN_BATCH_SIZE_PER_IM': 256,
           'RPN_FG_FRACTION': 0.5,
           'RPN_MIN_SIZE': 0,
           'RPN_NEGATIVE_OVERLAP': 0.3,
           'RPN_NMS_THRESH': 0.7,
           'RPN_POSITIVE_OVERLAP': 0.7,
           'RPN_POST_NMS_TOP_N': 2000,
           'RPN_PRE_NMS_TOP_N': 12000,
           'RPN_STRADDLE_THRESH': -1,
           'SCALES': (800,),
           'SNAPSHOT_ITERS': 20000,
           'USE_FLIPPED': True,
           'WEIGHTS': u'/tmp/detectron-download-cache/ImageNetPretrained/MSRA/R-50.pkl'},
 'USE_NCCL': False,
 'VIS': False,
 'VIS_TH': 0.9}
INFO train_net.py: 282: Building model: retinanet
WARNING cnn.py:  40: [====DEPRECATE WARNING====]: you are creating an object from CNNModelHelper class which will be deprecated soon. Please use ModelHelper object with brew module. For more information, please refer to caffe2.ai and python/brew.py, python/brew_test.py for more information.
INFO optimizer.py: 103: param gpu_0/res3_0_branch2a_w will be updated
INFO optimizer.py: 103: param gpu_0/res3_0_branch2b_w will be updated
INFO optimizer.py: 103: param gpu_0/res3_0_branch2c_w will be updated
INFO optimizer.py: 103: param gpu_0/res3_0_branch1_w will be updated
INFO optimizer.py: 103: param gpu_0/res3_1_branch2a_w will be updated
INFO optimizer.py: 103: param gpu_0/res3_1_branch2b_w will be updated
INFO optimizer.py: 103: param gpu_0/res3_1_branch2c_w will be updated
INFO optimizer.py: 103: param gpu_0/res3_2_branch2a_w will be updated
INFO optimizer.py: 103: param gpu_0/res3_2_branch2b_w will be updated
INFO optimizer.py: 103: param gpu_0/res3_2_branch2c_w will be updated
INFO optimizer.py: 103: param gpu_0/res3_3_branch2a_w will be updated
INFO optimizer.py: 103: param gpu_0/res3_3_branch2b_w will be updated
INFO optimizer.py: 103: param gpu_0/res3_3_branch2c_w will be updated
INFO optimizer.py: 103: param gpu_0/res4_0_branch2a_w will be updated
INFO optimizer.py: 103: param gpu_0/res4_0_branch2b_w will be updated
INFO optimizer.py: 103: param gpu_0/res4_0_branch2c_w will be updated
INFO optimizer.py: 103: param gpu_0/res4_0_branch1_w will be updated
INFO optimizer.py: 103: param gpu_0/res4_1_branch2a_w will be updated
INFO optimizer.py: 103: param gpu_0/res4_1_branch2b_w will be updated
INFO optimizer.py: 103: param gpu_0/res4_1_branch2c_w will be updated
INFO optimizer.py: 103: param gpu_0/res4_2_branch2a_w will be updated
INFO optimizer.py: 103: param gpu_0/res4_2_branch2b_w will be updated
INFO optimizer.py: 103: param gpu_0/res4_2_branch2c_w will be updated
INFO optimizer.py: 103: param gpu_0/res4_3_branch2a_w will be updated
INFO optimizer.py: 103: param gpu_0/res4_3_branch2b_w will be updated
INFO optimizer.py: 103: param gpu_0/res4_3_branch2c_w will be updated
INFO optimizer.py: 103: param gpu_0/res4_4_branch2a_w will be updated
INFO optimizer.py: 103: param gpu_0/res4_4_branch2b_w will be updated
INFO optimizer.py: 103: param gpu_0/res4_4_branch2c_w will be updated
INFO optimizer.py: 103: param gpu_0/res4_5_branch2a_w will be updated
INFO optimizer.py: 103: param gpu_0/res4_5_branch2b_w will be updated
INFO optimizer.py: 103: param gpu_0/res4_5_branch2c_w will be updated
INFO optimizer.py: 103: param gpu_0/res5_0_branch2a_w will be updated
INFO optimizer.py: 103: param gpu_0/res5_0_branch2b_w will be updated
INFO optimizer.py: 103: param gpu_0/res5_0_branch2c_w will be updated
INFO optimizer.py: 103: param gpu_0/res5_0_branch1_w will be updated
INFO optimizer.py: 103: param gpu_0/res5_1_branch2a_w will be updated
INFO optimizer.py: 103: param gpu_0/res5_1_branch2b_w will be updated
INFO optimizer.py: 103: param gpu_0/res5_1_branch2c_w will be updated
INFO optimizer.py: 103: param gpu_0/res5_2_branch2a_w will be updated
INFO optimizer.py: 103: param gpu_0/res5_2_branch2b_w will be updated
INFO optimizer.py: 103: param gpu_0/res5_2_branch2c_w will be updated
INFO optimizer.py: 103: param gpu_0/fpn_inner_res5_2_sum_w will be updated
INFO optimizer.py: 103: param gpu_0/fpn_inner_res5_2_sum_b will be updated
INFO optimizer.py: 103: param gpu_0/fpn_inner_res4_5_sum_lateral_w will be updated
INFO optimizer.py: 103: param gpu_0/fpn_inner_res4_5_sum_lateral_b will be updated
INFO optimizer.py: 103: param gpu_0/fpn_inner_res3_3_sum_lateral_w will be updated
INFO optimizer.py: 103: param gpu_0/fpn_inner_res3_3_sum_lateral_b will be updated
INFO optimizer.py: 103: param gpu_0/fpn_res5_2_sum_w will be updated
INFO optimizer.py: 103: param gpu_0/fpn_res5_2_sum_b will be updated
INFO optimizer.py: 103: param gpu_0/fpn_res4_5_sum_w will be updated
INFO optimizer.py: 103: param gpu_0/fpn_res4_5_sum_b will be updated
INFO optimizer.py: 103: param gpu_0/fpn_res3_3_sum_w will be updated
INFO optimizer.py: 103: param gpu_0/fpn_res3_3_sum_b will be updated
INFO optimizer.py: 103: param gpu_0/fpn_6_w will be updated
INFO optimizer.py: 103: param gpu_0/fpn_6_b will be updated
INFO optimizer.py: 103: param gpu_0/fpn_7_w will be updated
INFO optimizer.py: 103: param gpu_0/fpn_7_b will be updated
INFO optimizer.py: 103: param gpu_0/retnet_cls_conv_n0_fpn3_w will be updated
INFO optimizer.py: 103: param gpu_0/retnet_cls_conv_n0_fpn3_b will be updated
INFO optimizer.py: 103: param gpu_0/retnet_cls_conv_n1_fpn3_w will be updated
INFO optimizer.py: 103: param gpu_0/retnet_cls_conv_n1_fpn3_b will be updated
INFO optimizer.py: 103: param gpu_0/retnet_cls_conv_n2_fpn3_w will be updated
INFO optimizer.py: 103: param gpu_0/retnet_cls_conv_n2_fpn3_b will be updated
INFO optimizer.py: 103: param gpu_0/retnet_cls_conv_n3_fpn3_w will be updated
INFO optimizer.py: 103: param gpu_0/retnet_cls_conv_n3_fpn3_b will be updated
INFO optimizer.py: 103: param gpu_0/retnet_cls_pred_fpn3_w will be updated
INFO optimizer.py: 103: param gpu_0/retnet_cls_pred_fpn3_b will be updated
INFO optimizer.py: 103: param gpu_0/retnet_bbox_conv_n0_fpn3_w will be updated
INFO optimizer.py: 103: param gpu_0/retnet_bbox_conv_n0_fpn3_b will be updated
INFO optimizer.py: 103: param gpu_0/retnet_bbox_conv_n1_fpn3_w will be updated
INFO optimizer.py: 103: param gpu_0/retnet_bbox_conv_n1_fpn3_b will be updated
INFO optimizer.py: 103: param gpu_0/retnet_bbox_conv_n2_fpn3_w will be updated
INFO optimizer.py: 103: param gpu_0/retnet_bbox_conv_n2_fpn3_b will be updated
INFO optimizer.py: 103: param gpu_0/retnet_bbox_conv_n3_fpn3_w will be updated
INFO optimizer.py: 103: param gpu_0/retnet_bbox_conv_n3_fpn3_b will be updated
INFO optimizer.py: 103: param gpu_0/retnet_bbox_pred_fpn3_w will be updated
INFO optimizer.py: 103: param gpu_0/retnet_bbox_pred_fpn3_b will be updated
INFO optimizer.py: 103: param gpu_0/retnet_cos_conv_n0_fpn3_w will be updated
INFO optimizer.py: 103: param gpu_0/retnet_cos_conv_n0_fpn3_b will be updated
INFO optimizer.py: 103: param gpu_0/retnet_cos_conv_n1_fpn3_w will be updated
INFO optimizer.py: 103: param gpu_0/retnet_cos_conv_n1_fpn3_b will be updated
INFO optimizer.py: 103: param gpu_0/retnet_cos_conv_n2_fpn3_w will be updated
INFO optimizer.py: 103: param gpu_0/retnet_cos_conv_n2_fpn3_b will be updated
INFO optimizer.py: 103: param gpu_0/retnet_cos_conv_n3_fpn3_w will be updated
INFO optimizer.py: 103: param gpu_0/retnet_cos_conv_n3_fpn3_b will be updated
INFO optimizer.py: 103: param gpu_0/retnet_cos_pred_fpn3_w will be updated
INFO optimizer.py: 103: param gpu_0/retnet_cos_pred_fpn3_b will be updated
INFO optimizer.py: 103: param gpu_1/res3_0_branch2a_w will be updated
INFO optimizer.py: 103: param gpu_1/res3_0_branch2b_w will be updated
INFO optimizer.py: 103: param gpu_1/res3_0_branch2c_w will be updated
INFO optimizer.py: 103: param gpu_1/res3_0_branch1_w will be updated
INFO optimizer.py: 103: param gpu_1/res3_1_branch2a_w will be updated
INFO optimizer.py: 103: param gpu_1/res3_1_branch2b_w will be updated
INFO optimizer.py: 103: param gpu_1/res3_1_branch2c_w will be updated
INFO optimizer.py: 103: param gpu_1/res3_2_branch2a_w will be updated
INFO optimizer.py: 103: param gpu_1/res3_2_branch2b_w will be updated
INFO optimizer.py: 103: param gpu_1/res3_2_branch2c_w will be updated
INFO optimizer.py: 103: param gpu_1/res3_3_branch2a_w will be updated
INFO optimizer.py: 103: param gpu_1/res3_3_branch2b_w will be updated
INFO optimizer.py: 103: param gpu_1/res3_3_branch2c_w will be updated
INFO optimizer.py: 103: param gpu_1/res4_0_branch2a_w will be updated
INFO optimizer.py: 103: param gpu_1/res4_0_branch2b_w will be updated
INFO optimizer.py: 103: param gpu_1/res4_0_branch2c_w will be updated
INFO optimizer.py: 103: param gpu_1/res4_0_branch1_w will be updated
INFO optimizer.py: 103: param gpu_1/res4_1_branch2a_w will be updated
INFO optimizer.py: 103: param gpu_1/res4_1_branch2b_w will be updated
INFO optimizer.py: 103: param gpu_1/res4_1_branch2c_w will be updated
INFO optimizer.py: 103: param gpu_1/res4_2_branch2a_w will be updated
INFO optimizer.py: 103: param gpu_1/res4_2_branch2b_w will be updated
INFO optimizer.py: 103: param gpu_1/res4_2_branch2c_w will be updated
INFO optimizer.py: 103: param gpu_1/res4_3_branch2a_w will be updated
INFO optimizer.py: 103: param gpu_1/res4_3_branch2b_w will be updated
INFO optimizer.py: 103: param gpu_1/res4_3_branch2c_w will be updated
INFO optimizer.py: 103: param gpu_1/res4_4_branch2a_w will be updated
INFO optimizer.py: 103: param gpu_1/res4_4_branch2b_w will be updated
INFO optimizer.py: 103: param gpu_1/res4_4_branch2c_w will be updated
INFO optimizer.py: 103: param gpu_1/res4_5_branch2a_w will be updated
INFO optimizer.py: 103: param gpu_1/res4_5_branch2b_w will be updated
INFO optimizer.py: 103: param gpu_1/res4_5_branch2c_w will be updated
INFO optimizer.py: 103: param gpu_1/res5_0_branch2a_w will be updated
INFO optimizer.py: 103: param gpu_1/res5_0_branch2b_w will be updated
INFO optimizer.py: 103: param gpu_1/res5_0_branch2c_w will be updated
INFO optimizer.py: 103: param gpu_1/res5_0_branch1_w will be updated
INFO optimizer.py: 103: param gpu_1/res5_1_branch2a_w will be updated
INFO optimizer.py: 103: param gpu_1/res5_1_branch2b_w will be updated
INFO optimizer.py: 103: param gpu_1/res5_1_branch2c_w will be updated
INFO optimizer.py: 103: param gpu_1/res5_2_branch2a_w will be updated
INFO optimizer.py: 103: param gpu_1/res5_2_branch2b_w will be updated
INFO optimizer.py: 103: param gpu_1/res5_2_branch2c_w will be updated
INFO optimizer.py: 103: param gpu_1/fpn_inner_res5_2_sum_w will be updated
INFO optimizer.py: 103: param gpu_1/fpn_inner_res5_2_sum_b will be updated
INFO optimizer.py: 103: param gpu_1/fpn_inner_res4_5_sum_lateral_w will be updated
INFO optimizer.py: 103: param gpu_1/fpn_inner_res4_5_sum_lateral_b will be updated
INFO optimizer.py: 103: param gpu_1/fpn_inner_res3_3_sum_lateral_w will be updated
INFO optimizer.py: 103: param gpu_1/fpn_inner_res3_3_sum_lateral_b will be updated
INFO optimizer.py: 103: param gpu_1/fpn_res5_2_sum_w will be updated
INFO optimizer.py: 103: param gpu_1/fpn_res5_2_sum_b will be updated
INFO optimizer.py: 103: param gpu_1/fpn_res4_5_sum_w will be updated
INFO optimizer.py: 103: param gpu_1/fpn_res4_5_sum_b will be updated
INFO optimizer.py: 103: param gpu_1/fpn_res3_3_sum_w will be updated
INFO optimizer.py: 103: param gpu_1/fpn_res3_3_sum_b will be updated
INFO optimizer.py: 103: param gpu_1/fpn_6_w will be updated
INFO optimizer.py: 103: param gpu_1/fpn_6_b will be updated
INFO optimizer.py: 103: param gpu_1/fpn_7_w will be updated
INFO optimizer.py: 103: param gpu_1/fpn_7_b will be updated
INFO optimizer.py: 103: param gpu_1/retnet_cls_conv_n0_fpn3_w will be updated
INFO optimizer.py: 103: param gpu_1/retnet_cls_conv_n0_fpn3_b will be updated
INFO optimizer.py: 103: param gpu_1/retnet_cls_conv_n1_fpn3_w will be updated
INFO optimizer.py: 103: param gpu_1/retnet_cls_conv_n1_fpn3_b will be updated
INFO optimizer.py: 103: param gpu_1/retnet_cls_conv_n2_fpn3_w will be updated
INFO optimizer.py: 103: param gpu_1/retnet_cls_conv_n2_fpn3_b will be updated
INFO optimizer.py: 103: param gpu_1/retnet_cls_conv_n3_fpn3_w will be updated
INFO optimizer.py: 103: param gpu_1/retnet_cls_conv_n3_fpn3_b will be updated
INFO optimizer.py: 103: param gpu_1/retnet_cls_pred_fpn3_w will be updated
INFO optimizer.py: 103: param gpu_1/retnet_cls_pred_fpn3_b will be updated
INFO optimizer.py: 103: param gpu_1/retnet_bbox_conv_n0_fpn3_w will be updated
INFO optimizer.py: 103: param gpu_1/retnet_bbox_conv_n0_fpn3_b will be updated
INFO optimizer.py: 103: param gpu_1/retnet_bbox_conv_n1_fpn3_w will be updated
INFO optimizer.py: 103: param gpu_1/retnet_bbox_conv_n1_fpn3_b will be updated
INFO optimizer.py: 103: param gpu_1/retnet_bbox_conv_n2_fpn3_w will be updated
INFO optimizer.py: 103: param gpu_1/retnet_bbox_conv_n2_fpn3_b will be updated
INFO optimizer.py: 103: param gpu_1/retnet_bbox_conv_n3_fpn3_w will be updated
INFO optimizer.py: 103: param gpu_1/retnet_bbox_conv_n3_fpn3_b will be updated
INFO optimizer.py: 103: param gpu_1/retnet_bbox_pred_fpn3_w will be updated
INFO optimizer.py: 103: param gpu_1/retnet_bbox_pred_fpn3_b will be updated
INFO optimizer.py: 103: param gpu_1/retnet_cos_conv_n0_fpn3_w will be updated
INFO optimizer.py: 103: param gpu_1/retnet_cos_conv_n0_fpn3_b will be updated
INFO optimizer.py: 103: param gpu_1/retnet_cos_conv_n1_fpn3_w will be updated
INFO optimizer.py: 103: param gpu_1/retnet_cos_conv_n1_fpn3_b will be updated
INFO optimizer.py: 103: param gpu_1/retnet_cos_conv_n2_fpn3_w will be updated
INFO optimizer.py: 103: param gpu_1/retnet_cos_conv_n2_fpn3_b will be updated
INFO optimizer.py: 103: param gpu_1/retnet_cos_conv_n3_fpn3_w will be updated
INFO optimizer.py: 103: param gpu_1/retnet_cos_conv_n3_fpn3_b will be updated
INFO optimizer.py: 103: param gpu_1/retnet_cos_pred_fpn3_w will be updated
INFO optimizer.py: 103: param gpu_1/retnet_cos_pred_fpn3_b will be updated
WARNING memonger.py:  70: NOTE: Executing memonger to optimize gradient memory
I0503 10:44:01.713438 32071 memonger.cc:253] Remapping 152 using 36 shared blobs.
INFO memonger.py: 112: Memonger memory optimization took 0.0341548919678 secs
WARNING memonger.py:  70: NOTE: Executing memonger to optimize gradient memory
I0503 10:44:01.882207 32071 memonger.cc:253] Remapping 152 using 36 shared blobs.
INFO memonger.py: 112: Memonger memory optimization took 0.0321989059448 secs
I0503 10:44:03.169373 32071 context_gpu.cu:321] GPU 0: 128 MB
I0503 10:44:03.169409 32071 context_gpu.cu:325] Total: 128 MB
I0503 10:44:03.729374 32071 context_gpu.cu:321] GPU 0: 153 MB
I0503 10:44:03.729401 32071 context_gpu.cu:321] GPU 1: 117 MB
I0503 10:44:03.729416 32071 context_gpu.cu:325] Total: 271 MB
I0503 10:44:03.933368 32071 context_gpu.cu:321] GPU 0: 246 MB
I0503 10:44:03.933413 32071 context_gpu.cu:321] GPU 1: 153 MB
I0503 10:44:03.933423 32071 context_gpu.cu:325] Total: 400 MB
I0503 10:44:04.009799 32071 context_gpu.cu:321] GPU 0: 307 MB
I0503 10:44:04.009889 32071 context_gpu.cu:321] GPU 1: 221 MB
I0503 10:44:04.009912 32071 context_gpu.cu:325] Total: 528 MB
INFO train_net.py: 330: Loading dataset: ('coco_2014_train', 'coco_2014_valminusminival')
loading annotations into memory...
Done (t=18.35s)
creating index...
index created!
INFO roidb.py:  49: Appending horizontally-flipped training examples...
INFO roidb.py:  51: Loaded dataset: coco_2014_train
loading annotations into memory...
Done (t=11.82s)
creating index...
index created!
INFO roidb.py:  49: Appending horizontally-flipped training examples...
INFO roidb.py:  51: Loaded dataset: coco_2014_valminusminival
INFO roidb.py: 135: Filtered 2042 roidb entries: 236574 -> 234532
INFO roidb.py:  67: Computing bounding-box regression targets...
INFO roidb.py:  69: done
INFO roidb.py: 191: Ground-truth class histogram:
INFO roidb.py: 195: 0__background__: 0
INFO roidb.py: 195: 1        person: 514498
INFO roidb.py: 195: 2       bicycle: 14112
INFO roidb.py: 195: 3           car: 87064
INFO roidb.py: 195: 4    motorcycle: 17308
INFO roidb.py: 195: 5      airplane: 10258
INFO roidb.py: 195: 6           bus: 12122
INFO roidb.py: 195: 7         train: 9140
INFO roidb.py: 195: 8         truck: 19940
INFO roidb.py: 195: 9          boat: 21150
INFO roidb.py: 195: 10 traffic light: 25682
INFO roidb.py: 195: 11  fire hydrant: 3730
INFO roidb.py: 195: 12     stop sign: 3966
INFO roidb.py: 195: 13 parking meter: 2566
INFO roidb.py: 195: 14         bench: 19640
INFO roidb.py: 195: 15          bird: 21074
INFO roidb.py: 195: 16           cat: 9532
INFO roidb.py: 195: 17           dog: 11000
INFO roidb.py: 195: 18         horse: 13134
INFO roidb.py: 195: 19         sheep: 18446
INFO roidb.py: 195: 20           cow: 16028
INFO roidb.py: 195: 21      elephant: 10968
INFO roidb.py: 195: 22          bear: 2588
INFO roidb.py: 195: 23         zebra: 10538
INFO roidb.py: 195: 24       giraffe: 10256
INFO roidb.py: 195: 25      backpack: 17426
INFO roidb.py: 195: 26      umbrella: 22530
INFO roidb.py: 195: 27       handbag: 24682
INFO roidb.py: 195: 28           tie: 12890
INFO roidb.py: 195: 29      suitcase: 12224
INFO roidb.py: 195: 30       frisbee: 5362
INFO roidb.py: 195: 31          skis: 13230
INFO roidb.py: 195: 32     snowboard: 5352
INFO roidb.py: 195: 33   sports ball: 12598
INFO roidb.py: 195: 34          kite: 17602
INFO roidb.py: 195: 35  baseball bat: 6546
INFO roidb.py: 195: 36baseball glove: 7494
INFO roidb.py: 195: 37    skateboard: 11072
INFO roidb.py: 195: 38     surfboard: 12182
INFO roidb.py: 195: 39 tennis racket: 9606
INFO roidb.py: 195: 40        bottle: 48140
INFO roidb.py: 195: 41    wine glass: 15678
INFO roidb.py: 195: 42           cup: 41148
INFO roidb.py: 195: 43          fork: 10948
INFO roidb.py: 195: 44         knife: 15518
INFO roidb.py: 195: 45         spoon: 12316
INFO roidb.py: 195: 46          bowl: 28646
INFO roidb.py: 195: 47        banana: 18390
INFO roidb.py: 195: 48         apple: 11552
INFO roidb.py: 195: 49      sandwich: 8712
INFO roidb.py: 195: 50        orange: 12604
INFO roidb.py: 195: 51      broccoli: 14522
INFO roidb.py: 195: 52        carrot: 15516
INFO roidb.py: 195: 53       hot dog: 5766
INFO roidb.py: 195: 54         pizza: 11614
INFO roidb.py: 195: 55         donut: 14010
INFO roidb.py: 195: 56          cake: 12592
INFO roidb.py: 195: 57         chair: 76142
INFO roidb.py: 195: 58         couch: 11558
INFO roidb.py: 195: 59  potted plant: 17262
INFO roidb.py: 195: 60           bed: 8384
INFO roidb.py: 195: 61  dining table: 31390
INFO roidb.py: 195: 62        toilet: 8298
INFO roidb.py: 195: 63            tv: 11606
INFO roidb.py: 195: 64        laptop: 9920
INFO roidb.py: 195: 65         mouse: 4522
INFO roidb.py: 195: 66        remote: 11400
INFO roidb.py: 195: 67      keyboard: 5708
INFO roidb.py: 195: 68    cell phone: 12840
INFO roidb.py: 195: 69     microwave: 3344
INFO roidb.py: 195: 70          oven: 6668
INFO roidb.py: 195: 71       toaster: 450
INFO roidb.py: 195: 72          sink: 11218
INFO roidb.py: 195: 73  refrigerator: 5268
INFO roidb.py: 195: 74          book: 48150
INFO roidb.py: 195: 75         clock: 12640
INFO roidb.py: 195: 76          vase: 13154
INFO roidb.py: 195: 77      scissors: 2928
INFO roidb.py: 195: 78    teddy bear: 9458
INFO roidb.py: 195: 79    hair drier: 396
INFO roidb.py: 195: 80    toothbrush: 3890
INFO roidb.py: 196: --------------
INFO roidb.py: 199:          total: 1699802
INFO train_net.py: 334: 234532 roidb entries
INFO net.py:  54: Loading from: /tmp/detectron-download-cache/ImageNetPretrained/MSRA/R-50.pkl
INFO net.py:  91: conv1_w loaded from weights file into gpu_0/conv1_w: (64, 3, 7, 7)
INFO net.py:  91: res_conv1_bn_s loaded from weights file into gpu_0/res_conv1_bn_s: (64,)
INFO net.py:  91: res_conv1_bn_b loaded from weights file into gpu_0/res_conv1_bn_b: (64,)
INFO net.py:  91: res2_0_branch2a_w loaded from weights file into gpu_0/res2_0_branch2a_w: (64, 64, 1, 1)
INFO net.py:  91: res2_0_branch2a_bn_s loaded from weights file into gpu_0/res2_0_branch2a_bn_s: (64,)
INFO net.py:  91: res2_0_branch2a_bn_b loaded from weights file into gpu_0/res2_0_branch2a_bn_b: (64,)
INFO net.py:  91: res2_0_branch2b_w loaded from weights file into gpu_0/res2_0_branch2b_w: (64, 64, 3, 3)
INFO net.py:  91: res2_0_branch2b_bn_s loaded from weights file into gpu_0/res2_0_branch2b_bn_s: (64,)
INFO net.py:  91: res2_0_branch2b_bn_b loaded from weights file into gpu_0/res2_0_branch2b_bn_b: (64,)
INFO net.py:  91: res2_0_branch2c_w loaded from weights file into gpu_0/res2_0_branch2c_w: (256, 64, 1, 1)
INFO net.py:  91: res2_0_branch2c_bn_s loaded from weights file into gpu_0/res2_0_branch2c_bn_s: (256,)
INFO net.py:  91: res2_0_branch2c_bn_b loaded from weights file into gpu_0/res2_0_branch2c_bn_b: (256,)
INFO net.py:  91: res2_0_branch1_w loaded from weights file into gpu_0/res2_0_branch1_w: (256, 64, 1, 1)
INFO net.py:  91: res2_0_branch1_bn_s loaded from weights file into gpu_0/res2_0_branch1_bn_s: (256,)
INFO net.py:  91: res2_0_branch1_bn_b loaded from weights file into gpu_0/res2_0_branch1_bn_b: (256,)
INFO net.py:  91: res2_1_branch2a_w loaded from weights file into gpu_0/res2_1_branch2a_w: (64, 256, 1, 1)
INFO net.py:  91: res2_1_branch2a_bn_s loaded from weights file into gpu_0/res2_1_branch2a_bn_s: (64,)
INFO net.py:  91: res2_1_branch2a_bn_b loaded from weights file into gpu_0/res2_1_branch2a_bn_b: (64,)
INFO net.py:  91: res2_1_branch2b_w loaded from weights file into gpu_0/res2_1_branch2b_w: (64, 64, 3, 3)
INFO net.py:  91: res2_1_branch2b_bn_s loaded from weights file into gpu_0/res2_1_branch2b_bn_s: (64,)
INFO net.py:  91: res2_1_branch2b_bn_b loaded from weights file into gpu_0/res2_1_branch2b_bn_b: (64,)
INFO net.py:  91: res2_1_branch2c_w loaded from weights file into gpu_0/res2_1_branch2c_w: (256, 64, 1, 1)
INFO net.py:  91: res2_1_branch2c_bn_s loaded from weights file into gpu_0/res2_1_branch2c_bn_s: (256,)
INFO net.py:  91: res2_1_branch2c_bn_b loaded from weights file into gpu_0/res2_1_branch2c_bn_b: (256,)
INFO net.py:  91: res2_2_branch2a_w loaded from weights file into gpu_0/res2_2_branch2a_w: (64, 256, 1, 1)
INFO net.py:  91: res2_2_branch2a_bn_s loaded from weights file into gpu_0/res2_2_branch2a_bn_s: (64,)
INFO net.py:  91: res2_2_branch2a_bn_b loaded from weights file into gpu_0/res2_2_branch2a_bn_b: (64,)
INFO net.py:  91: res2_2_branch2b_w loaded from weights file into gpu_0/res2_2_branch2b_w: (64, 64, 3, 3)
INFO net.py:  91: res2_2_branch2b_bn_s loaded from weights file into gpu_0/res2_2_branch2b_bn_s: (64,)
INFO net.py:  91: res2_2_branch2b_bn_b loaded from weights file into gpu_0/res2_2_branch2b_bn_b: (64,)
INFO net.py:  91: res2_2_branch2c_w loaded from weights file into gpu_0/res2_2_branch2c_w: (256, 64, 1, 1)
INFO net.py:  91: res2_2_branch2c_bn_s loaded from weights file into gpu_0/res2_2_branch2c_bn_s: (256,)
INFO net.py:  91: res2_2_branch2c_bn_b loaded from weights file into gpu_0/res2_2_branch2c_bn_b: (256,)
INFO net.py:  91: res3_0_branch2a_w loaded from weights file into gpu_0/res3_0_branch2a_w: (128, 256, 1, 1)
INFO net.py:  91: res3_0_branch2a_bn_s loaded from weights file into gpu_0/res3_0_branch2a_bn_s: (128,)
INFO net.py:  91: res3_0_branch2a_bn_b loaded from weights file into gpu_0/res3_0_branch2a_bn_b: (128,)
INFO net.py:  91: res3_0_branch2b_w loaded from weights file into gpu_0/res3_0_branch2b_w: (128, 128, 3, 3)
INFO net.py:  91: res3_0_branch2b_bn_s loaded from weights file into gpu_0/res3_0_branch2b_bn_s: (128,)
INFO net.py:  91: res3_0_branch2b_bn_b loaded from weights file into gpu_0/res3_0_branch2b_bn_b: (128,)
INFO net.py:  91: res3_0_branch2c_w loaded from weights file into gpu_0/res3_0_branch2c_w: (512, 128, 1, 1)
INFO net.py:  91: res3_0_branch2c_bn_s loaded from weights file into gpu_0/res3_0_branch2c_bn_s: (512,)
INFO net.py:  91: res3_0_branch2c_bn_b loaded from weights file into gpu_0/res3_0_branch2c_bn_b: (512,)
INFO net.py:  91: res3_0_branch1_w loaded from weights file into gpu_0/res3_0_branch1_w: (512, 256, 1, 1)
INFO net.py:  91: res3_0_branch1_bn_s loaded from weights file into gpu_0/res3_0_branch1_bn_s: (512,)
INFO net.py:  91: res3_0_branch1_bn_b loaded from weights file into gpu_0/res3_0_branch1_bn_b: (512,)
INFO net.py:  91: res3_1_branch2a_w loaded from weights file into gpu_0/res3_1_branch2a_w: (128, 512, 1, 1)
INFO net.py:  91: res3_1_branch2a_bn_s loaded from weights file into gpu_0/res3_1_branch2a_bn_s: (128,)
INFO net.py:  91: res3_1_branch2a_bn_b loaded from weights file into gpu_0/res3_1_branch2a_bn_b: (128,)
INFO net.py:  91: res3_1_branch2b_w loaded from weights file into gpu_0/res3_1_branch2b_w: (128, 128, 3, 3)
INFO net.py:  91: res3_1_branch2b_bn_s loaded from weights file into gpu_0/res3_1_branch2b_bn_s: (128,)
INFO net.py:  91: res3_1_branch2b_bn_b loaded from weights file into gpu_0/res3_1_branch2b_bn_b: (128,)
INFO net.py:  91: res3_1_branch2c_w loaded from weights file into gpu_0/res3_1_branch2c_w: (512, 128, 1, 1)
INFO net.py:  91: res3_1_branch2c_bn_s loaded from weights file into gpu_0/res3_1_branch2c_bn_s: (512,)
INFO net.py:  91: res3_1_branch2c_bn_b loaded from weights file into gpu_0/res3_1_branch2c_bn_b: (512,)
INFO net.py:  91: res3_2_branch2a_w loaded from weights file into gpu_0/res3_2_branch2a_w: (128, 512, 1, 1)
INFO net.py:  91: res3_2_branch2a_bn_s loaded from weights file into gpu_0/res3_2_branch2a_bn_s: (128,)
INFO net.py:  91: res3_2_branch2a_bn_b loaded from weights file into gpu_0/res3_2_branch2a_bn_b: (128,)
INFO net.py:  91: res3_2_branch2b_w loaded from weights file into gpu_0/res3_2_branch2b_w: (128, 128, 3, 3)
INFO net.py:  91: res3_2_branch2b_bn_s loaded from weights file into gpu_0/res3_2_branch2b_bn_s: (128,)
INFO net.py:  91: res3_2_branch2b_bn_b loaded from weights file into gpu_0/res3_2_branch2b_bn_b: (128,)
INFO net.py:  91: res3_2_branch2c_w loaded from weights file into gpu_0/res3_2_branch2c_w: (512, 128, 1, 1)
INFO net.py:  91: res3_2_branch2c_bn_s loaded from weights file into gpu_0/res3_2_branch2c_bn_s: (512,)
INFO net.py:  91: res3_2_branch2c_bn_b loaded from weights file into gpu_0/res3_2_branch2c_bn_b: (512,)
INFO net.py:  91: res3_3_branch2a_w loaded from weights file into gpu_0/res3_3_branch2a_w: (128, 512, 1, 1)
INFO net.py:  91: res3_3_branch2a_bn_s loaded from weights file into gpu_0/res3_3_branch2a_bn_s: (128,)
INFO net.py:  91: res3_3_branch2a_bn_b loaded from weights file into gpu_0/res3_3_branch2a_bn_b: (128,)
INFO net.py:  91: res3_3_branch2b_w loaded from weights file into gpu_0/res3_3_branch2b_w: (128, 128, 3, 3)
INFO net.py:  91: res3_3_branch2b_bn_s loaded from weights file into gpu_0/res3_3_branch2b_bn_s: (128,)
INFO net.py:  91: res3_3_branch2b_bn_b loaded from weights file into gpu_0/res3_3_branch2b_bn_b: (128,)
INFO net.py:  91: res3_3_branch2c_w loaded from weights file into gpu_0/res3_3_branch2c_w: (512, 128, 1, 1)
INFO net.py:  91: res3_3_branch2c_bn_s loaded from weights file into gpu_0/res3_3_branch2c_bn_s: (512,)
INFO net.py:  91: res3_3_branch2c_bn_b loaded from weights file into gpu_0/res3_3_branch2c_bn_b: (512,)
INFO net.py:  91: res4_0_branch2a_w loaded from weights file into gpu_0/res4_0_branch2a_w: (256, 512, 1, 1)
INFO net.py:  91: res4_0_branch2a_bn_s loaded from weights file into gpu_0/res4_0_branch2a_bn_s: (256,)
INFO net.py:  91: res4_0_branch2a_bn_b loaded from weights file into gpu_0/res4_0_branch2a_bn_b: (256,)
INFO net.py:  91: res4_0_branch2b_w loaded from weights file into gpu_0/res4_0_branch2b_w: (256, 256, 3, 3)
INFO net.py:  91: res4_0_branch2b_bn_s loaded from weights file into gpu_0/res4_0_branch2b_bn_s: (256,)
INFO net.py:  91: res4_0_branch2b_bn_b loaded from weights file into gpu_0/res4_0_branch2b_bn_b: (256,)
INFO net.py:  91: res4_0_branch2c_w loaded from weights file into gpu_0/res4_0_branch2c_w: (1024, 256, 1, 1)
INFO net.py:  91: res4_0_branch2c_bn_s loaded from weights file into gpu_0/res4_0_branch2c_bn_s: (1024,)
INFO net.py:  91: res4_0_branch2c_bn_b loaded from weights file into gpu_0/res4_0_branch2c_bn_b: (1024,)
INFO net.py:  91: res4_0_branch1_w loaded from weights file into gpu_0/res4_0_branch1_w: (1024, 512, 1, 1)
INFO net.py:  91: res4_0_branch1_bn_s loaded from weights file into gpu_0/res4_0_branch1_bn_s: (1024,)
INFO net.py:  91: res4_0_branch1_bn_b loaded from weights file into gpu_0/res4_0_branch1_bn_b: (1024,)
INFO net.py:  91: res4_1_branch2a_w loaded from weights file into gpu_0/res4_1_branch2a_w: (256, 1024, 1, 1)
INFO net.py:  91: res4_1_branch2a_bn_s loaded from weights file into gpu_0/res4_1_branch2a_bn_s: (256,)
INFO net.py:  91: res4_1_branch2a_bn_b loaded from weights file into gpu_0/res4_1_branch2a_bn_b: (256,)
INFO net.py:  91: res4_1_branch2b_w loaded from weights file into gpu_0/res4_1_branch2b_w: (256, 256, 3, 3)
INFO net.py:  91: res4_1_branch2b_bn_s loaded from weights file into gpu_0/res4_1_branch2b_bn_s: (256,)
INFO net.py:  91: res4_1_branch2b_bn_b loaded from weights file into gpu_0/res4_1_branch2b_bn_b: (256,)
INFO net.py:  91: res4_1_branch2c_w loaded from weights file into gpu_0/res4_1_branch2c_w: (1024, 256, 1, 1)
INFO net.py:  91: res4_1_branch2c_bn_s loaded from weights file into gpu_0/res4_1_branch2c_bn_s: (1024,)
INFO net.py:  91: res4_1_branch2c_bn_b loaded from weights file into gpu_0/res4_1_branch2c_bn_b: (1024,)
INFO net.py:  91: res4_2_branch2a_w loaded from weights file into gpu_0/res4_2_branch2a_w: (256, 1024, 1, 1)
INFO net.py:  91: res4_2_branch2a_bn_s loaded from weights file into gpu_0/res4_2_branch2a_bn_s: (256,)
INFO net.py:  91: res4_2_branch2a_bn_b loaded from weights file into gpu_0/res4_2_branch2a_bn_b: (256,)
INFO net.py:  91: res4_2_branch2b_w loaded from weights file into gpu_0/res4_2_branch2b_w: (256, 256, 3, 3)
INFO net.py:  91: res4_2_branch2b_bn_s loaded from weights file into gpu_0/res4_2_branch2b_bn_s: (256,)
INFO net.py:  91: res4_2_branch2b_bn_b loaded from weights file into gpu_0/res4_2_branch2b_bn_b: (256,)
INFO net.py:  91: res4_2_branch2c_w loaded from weights file into gpu_0/res4_2_branch2c_w: (1024, 256, 1, 1)
INFO net.py:  91: res4_2_branch2c_bn_s loaded from weights file into gpu_0/res4_2_branch2c_bn_s: (1024,)
INFO net.py:  91: res4_2_branch2c_bn_b loaded from weights file into gpu_0/res4_2_branch2c_bn_b: (1024,)
INFO net.py:  91: res4_3_branch2a_w loaded from weights file into gpu_0/res4_3_branch2a_w: (256, 1024, 1, 1)
INFO net.py:  91: res4_3_branch2a_bn_s loaded from weights file into gpu_0/res4_3_branch2a_bn_s: (256,)
INFO net.py:  91: res4_3_branch2a_bn_b loaded from weights file into gpu_0/res4_3_branch2a_bn_b: (256,)
INFO net.py:  91: res4_3_branch2b_w loaded from weights file into gpu_0/res4_3_branch2b_w: (256, 256, 3, 3)
INFO net.py:  91: res4_3_branch2b_bn_s loaded from weights file into gpu_0/res4_3_branch2b_bn_s: (256,)
INFO net.py:  91: res4_3_branch2b_bn_b loaded from weights file into gpu_0/res4_3_branch2b_bn_b: (256,)
INFO net.py:  91: res4_3_branch2c_w loaded from weights file into gpu_0/res4_3_branch2c_w: (1024, 256, 1, 1)
INFO net.py:  91: res4_3_branch2c_bn_s loaded from weights file into gpu_0/res4_3_branch2c_bn_s: (1024,)
INFO net.py:  91: res4_3_branch2c_bn_b loaded from weights file into gpu_0/res4_3_branch2c_bn_b: (1024,)
INFO net.py:  91: res4_4_branch2a_w loaded from weights file into gpu_0/res4_4_branch2a_w: (256, 1024, 1, 1)
INFO net.py:  91: res4_4_branch2a_bn_s loaded from weights file into gpu_0/res4_4_branch2a_bn_s: (256,)
INFO net.py:  91: res4_4_branch2a_bn_b loaded from weights file into gpu_0/res4_4_branch2a_bn_b: (256,)
INFO net.py:  91: res4_4_branch2b_w loaded from weights file into gpu_0/res4_4_branch2b_w: (256, 256, 3, 3)
INFO net.py:  91: res4_4_branch2b_bn_s loaded from weights file into gpu_0/res4_4_branch2b_bn_s: (256,)
INFO net.py:  91: res4_4_branch2b_bn_b loaded from weights file into gpu_0/res4_4_branch2b_bn_b: (256,)
INFO net.py:  91: res4_4_branch2c_w loaded from weights file into gpu_0/res4_4_branch2c_w: (1024, 256, 1, 1)
INFO net.py:  91: res4_4_branch2c_bn_s loaded from weights file into gpu_0/res4_4_branch2c_bn_s: (1024,)
INFO net.py:  91: res4_4_branch2c_bn_b loaded from weights file into gpu_0/res4_4_branch2c_bn_b: (1024,)
INFO net.py:  91: res4_5_branch2a_w loaded from weights file into gpu_0/res4_5_branch2a_w: (256, 1024, 1, 1)
INFO net.py:  91: res4_5_branch2a_bn_s loaded from weights file into gpu_0/res4_5_branch2a_bn_s: (256,)
INFO net.py:  91: res4_5_branch2a_bn_b loaded from weights file into gpu_0/res4_5_branch2a_bn_b: (256,)
INFO net.py:  91: res4_5_branch2b_w loaded from weights file into gpu_0/res4_5_branch2b_w: (256, 256, 3, 3)
INFO net.py:  91: res4_5_branch2b_bn_s loaded from weights file into gpu_0/res4_5_branch2b_bn_s: (256,)
INFO net.py:  91: res4_5_branch2b_bn_b loaded from weights file into gpu_0/res4_5_branch2b_bn_b: (256,)
INFO net.py:  91: res4_5_branch2c_w loaded from weights file into gpu_0/res4_5_branch2c_w: (1024, 256, 1, 1)
INFO net.py:  91: res4_5_branch2c_bn_s loaded from weights file into gpu_0/res4_5_branch2c_bn_s: (1024,)
INFO net.py:  91: res4_5_branch2c_bn_b loaded from weights file into gpu_0/res4_5_branch2c_bn_b: (1024,)
INFO net.py:  91: res5_0_branch2a_w loaded from weights file into gpu_0/res5_0_branch2a_w: (512, 1024, 1, 1)
INFO net.py:  91: res5_0_branch2a_bn_s loaded from weights file into gpu_0/res5_0_branch2a_bn_s: (512,)
INFO net.py:  91: res5_0_branch2a_bn_b loaded from weights file into gpu_0/res5_0_branch2a_bn_b: (512,)
INFO net.py:  91: res5_0_branch2b_w loaded from weights file into gpu_0/res5_0_branch2b_w: (512, 512, 3, 3)
INFO net.py:  91: res5_0_branch2b_bn_s loaded from weights file into gpu_0/res5_0_branch2b_bn_s: (512,)
INFO net.py:  91: res5_0_branch2b_bn_b loaded from weights file into gpu_0/res5_0_branch2b_bn_b: (512,)
INFO net.py:  91: res5_0_branch2c_w loaded from weights file into gpu_0/res5_0_branch2c_w: (2048, 512, 1, 1)
INFO net.py:  91: res5_0_branch2c_bn_s loaded from weights file into gpu_0/res5_0_branch2c_bn_s: (2048,)
INFO net.py:  91: res5_0_branch2c_bn_b loaded from weights file into gpu_0/res5_0_branch2c_bn_b: (2048,)
INFO net.py:  91: res5_0_branch1_w loaded from weights file into gpu_0/res5_0_branch1_w: (2048, 1024, 1, 1)
INFO net.py:  91: res5_0_branch1_bn_s loaded from weights file into gpu_0/res5_0_branch1_bn_s: (2048,)
INFO net.py:  91: res5_0_branch1_bn_b loaded from weights file into gpu_0/res5_0_branch1_bn_b: (2048,)
INFO net.py:  91: res5_1_branch2a_w loaded from weights file into gpu_0/res5_1_branch2a_w: (512, 2048, 1, 1)
INFO net.py:  91: res5_1_branch2a_bn_s loaded from weights file into gpu_0/res5_1_branch2a_bn_s: (512,)
INFO net.py:  91: res5_1_branch2a_bn_b loaded from weights file into gpu_0/res5_1_branch2a_bn_b: (512,)
INFO net.py:  91: res5_1_branch2b_w loaded from weights file into gpu_0/res5_1_branch2b_w: (512, 512, 3, 3)
INFO net.py:  91: res5_1_branch2b_bn_s loaded from weights file into gpu_0/res5_1_branch2b_bn_s: (512,)
INFO net.py:  91: res5_1_branch2b_bn_b loaded from weights file into gpu_0/res5_1_branch2b_bn_b: (512,)
INFO net.py:  91: res5_1_branch2c_w loaded from weights file into gpu_0/res5_1_branch2c_w: (2048, 512, 1, 1)
INFO net.py:  91: res5_1_branch2c_bn_s loaded from weights file into gpu_0/res5_1_branch2c_bn_s: (2048,)
INFO net.py:  91: res5_1_branch2c_bn_b loaded from weights file into gpu_0/res5_1_branch2c_bn_b: (2048,)
INFO net.py:  91: res5_2_branch2a_w loaded from weights file into gpu_0/res5_2_branch2a_w: (512, 2048, 1, 1)
INFO net.py:  91: res5_2_branch2a_bn_s loaded from weights file into gpu_0/res5_2_branch2a_bn_s: (512,)
INFO net.py:  91: res5_2_branch2a_bn_b loaded from weights file into gpu_0/res5_2_branch2a_bn_b: (512,)
INFO net.py:  91: res5_2_branch2b_w loaded from weights file into gpu_0/res5_2_branch2b_w: (512, 512, 3, 3)
INFO net.py:  91: res5_2_branch2b_bn_s loaded from weights file into gpu_0/res5_2_branch2b_bn_s: (512,)
INFO net.py:  91: res5_2_branch2b_bn_b loaded from weights file into gpu_0/res5_2_branch2b_bn_b: (512,)
INFO net.py:  91: res5_2_branch2c_w loaded from weights file into gpu_0/res5_2_branch2c_w: (2048, 512, 1, 1)
INFO net.py:  91: res5_2_branch2c_bn_s loaded from weights file into gpu_0/res5_2_branch2c_bn_s: (2048,)
INFO net.py:  91: res5_2_branch2c_bn_b loaded from weights file into gpu_0/res5_2_branch2c_bn_b: (2048,)
INFO net.py:  83: fpn_inner_res5_2_sum_w not found
INFO net.py:  83: fpn_inner_res5_2_sum_b not found
INFO net.py:  83: fpn_inner_res4_5_sum_lateral_w not found
INFO net.py:  83: fpn_inner_res4_5_sum_lateral_b not found
INFO net.py:  83: fpn_inner_res3_3_sum_lateral_w not found
INFO net.py:  83: fpn_inner_res3_3_sum_lateral_b not found
INFO net.py:  83: fpn_res5_2_sum_w not found
INFO net.py:  83: fpn_res5_2_sum_b not found
INFO net.py:  83: fpn_res4_5_sum_w not found
INFO net.py:  83: fpn_res4_5_sum_b not found
INFO net.py:  83: fpn_res3_3_sum_w not found
INFO net.py:  83: fpn_res3_3_sum_b not found
INFO net.py:  83: fpn_6_w not found
INFO net.py:  83: fpn_6_b not found
INFO net.py:  83: fpn_7_w not found
INFO net.py:  83: fpn_7_b not found
INFO net.py:  83: retnet_cls_conv_n0_fpn3_w not found
INFO net.py:  83: retnet_cls_conv_n0_fpn3_b not found
INFO net.py:  83: retnet_cls_conv_n1_fpn3_w not found
INFO net.py:  83: retnet_cls_conv_n1_fpn3_b not found
INFO net.py:  83: retnet_cls_conv_n2_fpn3_w not found
INFO net.py:  83: retnet_cls_conv_n2_fpn3_b not found
INFO net.py:  83: retnet_cls_conv_n3_fpn3_w not found
INFO net.py:  83: retnet_cls_conv_n3_fpn3_b not found
INFO net.py:  83: retnet_cls_pred_fpn3_w not found
INFO net.py:  83: retnet_cls_pred_fpn3_b not found
INFO net.py:  83: retnet_bbox_conv_n0_fpn3_w not found
INFO net.py:  83: retnet_bbox_conv_n0_fpn3_b not found
INFO net.py:  83: retnet_bbox_conv_n1_fpn3_w not found
INFO net.py:  83: retnet_bbox_conv_n1_fpn3_b not found
INFO net.py:  83: retnet_bbox_conv_n2_fpn3_w not found
INFO net.py:  83: retnet_bbox_conv_n2_fpn3_b not found
INFO net.py:  83: retnet_bbox_conv_n3_fpn3_w not found
INFO net.py:  83: retnet_bbox_conv_n3_fpn3_b not found
INFO net.py:  83: retnet_bbox_pred_fpn3_w not found
INFO net.py:  83: retnet_bbox_pred_fpn3_b not found
INFO net.py:  83: retnet_cos_conv_n0_fpn3_w not found
INFO net.py:  83: retnet_cos_conv_n0_fpn3_b not found
INFO net.py:  83: retnet_cos_conv_n1_fpn3_w not found
INFO net.py:  83: retnet_cos_conv_n1_fpn3_b not found
INFO net.py:  83: retnet_cos_conv_n2_fpn3_w not found
INFO net.py:  83: retnet_cos_conv_n2_fpn3_b not found
INFO net.py:  83: retnet_cos_conv_n3_fpn3_w not found
INFO net.py:  83: retnet_cos_conv_n3_fpn3_b not found
INFO net.py:  83: retnet_cos_pred_fpn3_w not found
INFO net.py:  83: retnet_cos_pred_fpn3_b not found
INFO net.py: 125: res2_1_branch2c_b preserved in workspace (unused)
INFO net.py: 125: res3_1_branch2b_b preserved in workspace (unused)
INFO net.py: 125: res4_2_branch2c_b preserved in workspace (unused)
INFO net.py: 125: res4_0_branch2c_b preserved in workspace (unused)
INFO net.py: 125: res2_2_branch2a_b preserved in workspace (unused)
INFO net.py: 125: res3_3_branch2a_b preserved in workspace (unused)
INFO net.py: 125: res5_1_branch2b_b preserved in workspace (unused)
INFO net.py: 125: res3_3_branch2c_b preserved in workspace (unused)
INFO net.py: 125: res4_4_branch2b_b preserved in workspace (unused)
INFO net.py: 125: res4_5_branch2b_b preserved in workspace (unused)
INFO net.py: 125: conv1_b preserved in workspace (unused)
INFO net.py: 125: fc1000_b preserved in workspace (unused)
INFO net.py: 125: fc1000_w preserved in workspace (unused)
INFO net.py: 125: res3_2_branch2c_b preserved in workspace (unused)
INFO net.py: 125: res3_2_branch2a_b preserved in workspace (unused)
INFO net.py: 125: res2_0_branch1_b preserved in workspace (unused)
INFO net.py: 125: res4_2_branch2a_b preserved in workspace (unused)
INFO net.py: 125: res2_1_branch2b_b preserved in workspace (unused)
INFO net.py: 125: res5_0_branch2b_b preserved in workspace (unused)
INFO net.py: 125: res4_5_branch2a_b preserved in workspace (unused)
INFO net.py: 125: res4_1_branch2b_b preserved in workspace (unused)
INFO net.py: 125: res4_3_branch2b_b preserved in workspace (unused)
INFO net.py: 125: res4_0_branch2b_b preserved in workspace (unused)
INFO net.py: 125: res4_2_branch2b_b preserved in workspace (unused)
INFO net.py: 125: res2_0_branch2c_b preserved in workspace (unused)
INFO net.py: 125: res4_0_branch1_b preserved in workspace (unused)
INFO net.py: 125: res2_2_branch2c_b preserved in workspace (unused)
INFO net.py: 125: res3_2_branch2b_b preserved in workspace (unused)
INFO net.py: 125: res3_0_branch1_b preserved in workspace (unused)
INFO net.py: 125: res3_1_branch2c_b preserved in workspace (unused)
INFO net.py: 125: res2_0_branch2b_b preserved in workspace (unused)
INFO net.py: 125: res2_1_branch2a_b preserved in workspace (unused)
INFO net.py: 125: res4_1_branch2c_b preserved in workspace (unused)
INFO net.py: 125: res4_0_branch2a_b preserved in workspace (unused)
INFO net.py: 125: res4_1_branch2a_b preserved in workspace (unused)
INFO net.py: 125: res2_2_branch2b_b preserved in workspace (unused)
INFO net.py: 125: res5_2_branch2b_b preserved in workspace (unused)
INFO net.py: 125: res4_5_branch2c_b preserved in workspace (unused)
INFO net.py: 125: res3_0_branch2b_b preserved in workspace (unused)
INFO net.py: 125: res3_1_branch2a_b preserved in workspace (unused)
INFO net.py: 125: res5_1_branch2a_b preserved in workspace (unused)
INFO net.py: 125: res5_1_branch2c_b preserved in workspace (unused)
INFO net.py: 125: res4_4_branch2a_b preserved in workspace (unused)
INFO net.py: 125: res5_2_branch2c_b preserved in workspace (unused)
INFO net.py: 125: res3_3_branch2b_b preserved in workspace (unused)
INFO net.py: 125: res4_4_branch2c_b preserved in workspace (unused)
INFO net.py: 125: res4_3_branch2a_b preserved in workspace (unused)
INFO net.py: 125: res5_0_branch2c_b preserved in workspace (unused)
INFO net.py: 125: res5_2_branch2a_b preserved in workspace (unused)
INFO net.py: 125: res5_0_branch2a_b preserved in workspace (unused)
INFO net.py: 125: res3_0_branch2a_b preserved in workspace (unused)
INFO net.py: 125: res5_0_branch1_b preserved in workspace (unused)
INFO net.py: 125: res3_0_branch2c_b preserved in workspace (unused)
INFO net.py: 125: res2_0_branch2a_b preserved in workspace (unused)
INFO net.py: 125: res4_3_branch2c_b preserved in workspace (unused)
I0503 10:48:40.173285 32071 net_dag_utils.cc:118] Operator graph pruning prior to chain compute took: 0.0019985 secs
I0503 10:48:40.175093 32071 net_dag.cc:61] Number of parallel execution chains 1368 Number of operators = 1902
INFO train_net.py: 318: Outputs saved to: /home/data/liuyong/choas/method/Detectron-rects_cos_anchors_IOU_bboxfit/tmp/detectron-output/train/coco_2014_train:coco_2014_valminusminival/retinanet
INFO loader.py: 227: Pre-filling mini-batch queue...
INFO loader.py: 232:   [0/64]
INFO loader.py: 232:   [0/64]
INFO loader.py: 232:   [0/64]
INFO loader.py: 232:   [0/64]
INFO loader.py: 232:   [0/64]
INFO loader.py: 232:   [0/64]
INFO loader.py: 232:   [0/64]
INFO loader.py: 232:   [0/64]
INFO loader.py: 232:   [0/64]
INFO loader.py: 232:   [0/64]
INFO loader.py: 232:   [0/64]
INFO loader.py: 232:   [0/64]
INFO loader.py: 232:   [0/64]
INFO loader.py: 232:   [0/64]
INFO loader.py: 232:   [0/64]
INFO loader.py: 232:   [0/64]
INFO loader.py: 232:   [0/64]
INFO loader.py: 232:   [0/64]
I0503 10:48:42.313161 32249 context_gpu.cu:321] GPU 0: 335 MB
I0503 10:48:42.313268 32249 context_gpu.cu:321] GPU 1: 330 MB
I0503 10:48:42.313289 32249 context_gpu.cu:325] Total: 666 MB
INFO loader.py: 232:   [0/64]
INFO loader.py: 232:   [0/64]
INFO loader.py: 232:   [0/64]
INFO loader.py: 232:   [0/64]
INFO loader.py: 232:   [0/64]
INFO loader.py: 232:   [0/64]
INFO loader.py: 232:   [0/64]
I0503 10:48:43.103492 32248 context_gpu.cu:321] GPU 0: 417 MB
I0503 10:48:43.103585 32248 context_gpu.cu:321] GPU 1: 385 MB
I0503 10:48:43.103605 32248 context_gpu.cu:325] Total: 802 MB
INFO loader.py: 232:   [0/64]
INFO loader.py: 232:   [0/64]
INFO loader.py: 232:   [0/64]
INFO loader.py: 232:   [0/64]
INFO loader.py: 232:   [0/64]
INFO loader.py: 232:   [1/64]
INFO loader.py: 232:   [0/64]
I0503 10:48:44.100363 32249 context_gpu.cu:321] GPU 0: 502 MB
I0503 10:48:44.100389 32249 context_gpu.cu:321] GPU 1: 439 MB
I0503 10:48:44.100392 32249 context_gpu.cu:325] Total: 942 MB
INFO loader.py: 232:   [0/64]
INFO loader.py: 232:   [0/64]
INFO loader.py: 232:   [0/64]
INFO loader.py: 232:   [0/64]
INFO loader.py: 232:   [1/64]
INFO loader.py: 232:   [1/64]
I0503 10:48:44.841269 32249 context_gpu.cu:321] GPU 0: 555 MB
I0503 10:48:44.841337 32249 context_gpu.cu:321] GPU 1: 517 MB
I0503 10:48:44.841346 32249 context_gpu.cu:325] Total: 1073 MB
INFO loader.py: 232:   [0/64]
INFO loader.py: 232:   [0/64]
INFO loader.py: 232:   [1/64]
INFO loader.py: 232:   [1/64]
INFO loader.py: 232:   [2/64]
INFO loader.py: 232:   [4/64]
INFO loader.py: 232:   [4/64]
INFO loader.py: 232:   [4/64]
INFO loader.py: 232:   [5/64]
INFO loader.py: 232:   [5/64]
INFO loader.py: 232:   [7/64]
INFO loader.py: 232:   [8/64]
INFO loader.py: 232:   [8/64]
INFO loader.py: 232:   [8/64]
INFO loader.py: 232:   [9/64]
INFO loader.py: 232:   [9/64]
INFO loader.py: 232:   [9/64]
INFO loader.py: 232:   [12/64]
INFO loader.py: 232:   [12/64]
INFO loader.py: 232:   [12/64]
INFO loader.py: 232:   [13/64]
INFO loader.py: 232:   [13/64]
INFO loader.py: 232:   [13/64]
INFO loader.py: 232:   [15/64]
INFO loader.py: 232:   [16/64]
INFO loader.py: 232:   [17/64]
INFO loader.py: 232:   [17/64]
INFO loader.py: 232:   [17/64]
INFO loader.py: 232:   [17/64]
INFO loader.py: 232:   [17/64]
INFO loader.py: 232:   [17/64]
INFO loader.py: 232:   [19/64]
INFO loader.py: 232:   [19/64]
INFO loader.py: 232:   [19/64]
INFO loader.py: 232:   [19/64]
INFO loader.py: 232:   [21/64]
INFO loader.py: 232:   [22/64]
INFO loader.py: 232:   [23/64]
INFO loader.py: 232:   [23/64]
INFO loader.py: 232:   [23/64]
INFO loader.py: 232:   [23/64]
INFO loader.py: 232:   [25/64]
INFO loader.py: 232:   [27/64]
INFO loader.py: 232:   [27/64]
INFO loader.py: 232:   [27/64]
INFO loader.py: 232:   [27/64]
INFO loader.py: 232:   [27/64]
INFO loader.py: 232:   [28/64]
INFO loader.py: 232:   [29/64]
INFO loader.py: 232:   [30/64]
INFO loader.py: 232:   [30/64]
INFO loader.py: 232:   [31/64]
INFO loader.py: 232:   [33/64]
INFO loader.py: 232:   [34/64]
INFO loader.py: 232:   [34/64]
INFO loader.py: 232:   [35/64]
INFO loader.py: 232:   [35/64]
INFO loader.py: 232:   [35/64]
INFO loader.py: 232:   [37/64]
INFO loader.py: 232:   [39/64]
INFO loader.py: 232:   [39/64]
INFO loader.py: 232:   [39/64]
INFO loader.py: 232:   [39/64]
INFO loader.py: 232:   [40/64]
INFO loader.py: 232:   [42/64]
INFO loader.py: 232:   [42/64]
INFO loader.py: 232:   [43/64]
INFO loader.py: 232:   [43/64]
INFO loader.py: 232:   [44/64]
INFO loader.py: 232:   [44/64]
INFO loader.py: 232:   [45/64]
INFO loader.py: 232:   [45/64]
INFO loader.py: 232:   [47/64]
INFO loader.py: 232:   [47/64]
INFO loader.py: 232:   [47/64]
INFO loader.py: 232:   [47/64]
INFO loader.py: 232:   [50/64]
INFO loader.py: 232:   [51/64]
INFO loader.py: 232:   [51/64]
INFO loader.py: 232:   [51/64]
INFO loader.py: 232:   [51/64]
INFO loader.py: 232:   [51/64]
INFO loader.py: 232:   [52/64]
INFO loader.py: 232:   [54/64]
INFO loader.py: 232:   [55/64]
INFO loader.py: 232:   [55/64]
INFO loader.py: 232:   [55/64]
INFO loader.py: 232:   [56/64]
INFO loader.py: 232:   [56/64]
INFO loader.py: 232:   [58/64]
INFO loader.py: 232:   [59/64]
INFO loader.py: 232:   [59/64]
INFO loader.py: 232:   [59/64]
INFO loader.py: 232:   [59/64]
INFO loader.py: 232:   [60/64]
INFO loader.py: 232:   [63/64]
INFO loader.py: 232:   [63/64]
INFO loader.py: 232:   [63/64]
INFO detector.py: 435: Changing learning rate 0.000000 -> 0.003333 at iter 0
I0503 10:49:07.424356 32343 context_gpu.cu:321] GPU 0: 583 MB
I0503 10:49:07.424453 32343 context_gpu.cu:321] GPU 1: 701 MB
I0503 10:49:07.424474 32343 context_gpu.cu:325] Total: 1284 MB
I0503 10:49:07.531502 32342 context_gpu.cu:321] GPU 0: 723 MB
I0503 10:49:07.531595 32342 context_gpu.cu:321] GPU 1: 702 MB
I0503 10:49:07.531615 32342 context_gpu.cu:325] Total: 1426 MB
I0503 10:49:08.028204 32342 context_gpu.cu:321] GPU 0: 795 MB
I0503 10:49:08.028287 32342 context_gpu.cu:321] GPU 1: 765 MB
I0503 10:49:08.028307 32342 context_gpu.cu:325] Total: 1560 MB
I0503 10:49:08.065230 32343 context_gpu.cu:321] GPU 0: 795 MB
I0503 10:49:08.065341 32343 context_gpu.cu:321] GPU 1: 923 MB
I0503 10:49:08.065366 32343 context_gpu.cu:325] Total: 1718 MB
I0503 10:49:08.142524 32346 context_gpu.cu:321] GPU 0: 795 MB
I0503 10:49:08.142581 32346 context_gpu.cu:321] GPU 1: 1175 MB
I0503 10:49:08.142588 32346 context_gpu.cu:325] Total: 1970 MB
I0503 10:49:08.152156 32348 context_gpu.cu:321] GPU 0: 935 MB
I0503 10:49:08.152180 32348 context_gpu.cu:321] GPU 1: 1301 MB
I0503 10:49:08.152186 32348 context_gpu.cu:325] Total: 2236 MB
I0503 10:49:08.154426 32348 context_gpu.cu:321] GPU 0: 1110 MB
I0503 10:49:08.154460 32348 context_gpu.cu:321] GPU 1: 1301 MB
I0503 10:49:08.154482 32348 context_gpu.cu:325] Total: 2411 MB
I0503 10:49:08.157533 32342 context_gpu.cu:321] GPU 0: 1250 MB
I0503 10:49:08.157614 32342 context_gpu.cu:321] GPU 1: 1301 MB
I0503 10:49:08.157660 32342 context_gpu.cu:325] Total: 2551 MB
I0503 10:49:08.159778 32342 context_gpu.cu:321] GPU 0: 1390 MB
I0503 10:49:08.159858 32342 context_gpu.cu:321] GPU 1: 1301 MB
I0503 10:49:08.159904 32342 context_gpu.cu:325] Total: 2691 MB
I0503 10:49:08.168766 32346 context_gpu.cu:321] GPU 0: 1390 MB
I0503 10:49:08.168805 32346 context_gpu.cu:321] GPU 1: 1490 MB
I0503 10:49:08.168828 32346 context_gpu.cu:325] Total: 2880 MB
I0503 10:49:08.175285 32346 context_gpu.cu:321] GPU 0: 1390 MB
I0503 10:49:08.175329 32346 context_gpu.cu:321] GPU 1: 1647 MB
I0503 10:49:08.175355 32346 context_gpu.cu:325] Total: 3037 MB
I0503 10:49:08.180083 32346 context_gpu.cu:321] GPU 0: 1390 MB
I0503 10:49:08.180141 32346 context_gpu.cu:321] GPU 1: 1805 MB
I0503 10:49:08.180166 32346 context_gpu.cu:325] Total: 3195 MB
I0503 10:49:08.184183 32346 context_gpu.cu:321] GPU 0: 1390 MB
I0503 10:49:08.184239 32346 context_gpu.cu:321] GPU 1: 2057 MB
I0503 10:49:08.184262 32346 context_gpu.cu:325] Total: 3447 MB
I0503 10:49:08.201027 32349 context_gpu.cu:321] GPU 0: 1390 MB
I0503 10:49:08.201058 32349 context_gpu.cu:321] GPU 1: 2198 MB
I0503 10:49:08.201066 32349 context_gpu.cu:325] Total: 3588 MB
I0503 10:49:08.219832 32345 context_gpu.cu:321] GPU 0: 1600 MB
I0503 10:49:08.219877 32345 context_gpu.cu:321] GPU 1: 2214 MB
I0503 10:49:08.219885 32345 context_gpu.cu:325] Total: 3814 MB
I0503 10:49:08.222087 32345 context_gpu.cu:321] GPU 0: 1740 MB
I0503 10:49:08.222105 32345 context_gpu.cu:321] GPU 1: 2277 MB
I0503 10:49:08.222110 32345 context_gpu.cu:325] Total: 4017 MB
I0503 10:49:08.229748 32345 context_gpu.cu:321] GPU 0: 1810 MB
I0503 10:49:08.229806 32345 context_gpu.cu:321] GPU 1: 2340 MB
I0503 10:49:08.229828 32345 context_gpu.cu:325] Total: 4150 MB
I0503 10:49:08.243861 32345 context_gpu.cu:321] GPU 0: 1950 MB
I0503 10:49:08.243988 32345 context_gpu.cu:321] GPU 1: 2372 MB
I0503 10:49:08.244033 32345 context_gpu.cu:325] Total: 4322 MB
I0503 10:49:08.255038 32345 context_gpu.cu:321] GPU 0: 2090 MB
I0503 10:49:08.255117 32345 context_gpu.cu:321] GPU 1: 2372 MB
I0503 10:49:08.255162 32345 context_gpu.cu:325] Total: 4462 MB
I0503 10:49:08.265684 32345 context_gpu.cu:321] GPU 0: 2230 MB
I0503 10:49:08.265767 32345 context_gpu.cu:321] GPU 1: 2435 MB
I0503 10:49:08.265810 32345 context_gpu.cu:325] Total: 4665 MB
I0503 10:49:08.278151 32345 context_gpu.cu:321] GPU 0: 2300 MB
I0503 10:49:08.278221 32345 context_gpu.cu:321] GPU 1: 2498 MB
I0503 10:49:08.278240 32345 context_gpu.cu:325] Total: 4798 MB
I0503 10:49:08.303002 32347 context_gpu.cu:321] GPU 0: 2405 MB
I0503 10:49:08.303042 32347 context_gpu.cu:321] GPU 1: 2529 MB
I0503 10:49:08.303048 32347 context_gpu.cu:325] Total: 4934 MB
I0503 10:49:08.308032 32347 context_gpu.cu:321] GPU 0: 2545 MB
I0503 10:49:08.308065 32347 context_gpu.cu:321] GPU 1: 2529 MB
I0503 10:49:08.308080 32347 context_gpu.cu:325] Total: 5074 MB
I0503 10:49:08.314893 32347 context_gpu.cu:321] GPU 0: 2650 MB
I0503 10:49:08.314911 32347 context_gpu.cu:321] GPU 1: 2592 MB
I0503 10:49:08.314918 32347 context_gpu.cu:325] Total: 5242 MB
I0503 10:49:08.316910 32347 context_gpu.cu:321] GPU 0: 2720 MB
I0503 10:49:08.316927 32347 context_gpu.cu:321] GPU 1: 2655 MB
I0503 10:49:08.316933 32347 context_gpu.cu:325] Total: 5375 MB
I0503 10:49:08.323446 32347 context_gpu.cu:321] GPU 0: 2825 MB
I0503 10:49:08.323462 32347 context_gpu.cu:321] GPU 1: 2687 MB
I0503 10:49:08.323468 32347 context_gpu.cu:325] Total: 5512 MB
I0503 10:49:08.325093 32347 context_gpu.cu:321] GPU 0: 2895 MB
I0503 10:49:08.325109 32347 context_gpu.cu:321] GPU 1: 2750 MB
I0503 10:49:08.325114 32347 context_gpu.cu:325] Total: 5645 MB
I0503 10:49:08.328948 32349 context_gpu.cu:321] GPU 0: 2895 MB
I0503 10:49:08.328961 32349 context_gpu.cu:321] GPU 1: 2883 MB
I0503 10:49:08.328964 32349 context_gpu.cu:325] Total: 5779 MB
I0503 10:49:08.341001 32349 context_gpu.cu:321] GPU 0: 2895 MB
I0503 10:49:08.341015 32349 context_gpu.cu:321] GPU 1: 3020 MB
I0503 10:49:08.341018 32349 context_gpu.cu:325] Total: 5915 MB
I0503 10:49:08.347275 32347 context_gpu.cu:321] GPU 0: 3000 MB
I0503 10:49:08.347291 32347 context_gpu.cu:321] GPU 1: 3067 MB
I0503 10:49:08.347297 32347 context_gpu.cu:325] Total: 6067 MB
I0503 10:49:08.349896 32347 context_gpu.cu:321] GPU 0: 3140 MB
I0503 10:49:08.349910 32347 context_gpu.cu:321] GPU 1: 3067 MB
I0503 10:49:08.349913 32347 context_gpu.cu:325] Total: 6207 MB
I0503 10:49:08.367410 32342 context_gpu.cu:321] GPU 0: 3264 MB
I0503 10:49:08.367434 32342 context_gpu.cu:321] GPU 1: 3099 MB
I0503 10:49:08.367440 32342 context_gpu.cu:325] Total: 6364 MB
I0503 10:49:08.375686 32347 context_gpu.cu:321] GPU 0: 3387 MB
I0503 10:49:08.375700 32347 context_gpu.cu:321] GPU 1: 3138 MB
I0503 10:49:08.375704 32347 context_gpu.cu:325] Total: 6525 MB
I0503 10:49:08.415285 32349 context_gpu.cu:321] GPU 0: 3439 MB
I0503 10:49:08.415316 32349 context_gpu.cu:321] GPU 1: 3217 MB
I0503 10:49:08.415323 32349 context_gpu.cu:325] Total: 6657 MB
I0503 10:49:08.427796 32349 context_gpu.cu:321] GPU 0: 3518 MB
I0503 10:49:08.427845 32349 context_gpu.cu:321] GPU 1: 3288 MB
I0503 10:49:08.427866 32349 context_gpu.cu:325] Total: 6806 MB
I0503 10:49:08.443202 32349 context_gpu.cu:321] GPU 0: 3597 MB
I0503 10:49:08.443243 32349 context_gpu.cu:321] GPU 1: 3366 MB
I0503 10:49:08.443264 32349 context_gpu.cu:325] Total: 6964 MB
I0503 10:49:08.458037 32344 context_gpu.cu:321] GPU 0: 3614 MB
I0503 10:49:08.458055 32344 context_gpu.cu:321] GPU 1: 3481 MB
I0503 10:49:08.458060 32344 context_gpu.cu:325] Total: 7096 MB
I0503 10:49:08.465306 32347 context_gpu.cu:321] GPU 0: 3684 MB
I0503 10:49:08.465324 32347 context_gpu.cu:321] GPU 1: 3552 MB
I0503 10:49:08.465329 32347 context_gpu.cu:325] Total: 7237 MB
I0503 10:49:08.533136 32347 context_gpu.cu:321] GPU 0: 3807 MB
I0503 10:49:08.533175 32347 context_gpu.cu:321] GPU 1: 3571 MB
I0503 10:49:08.533182 32347 context_gpu.cu:325] Total: 7379 MB
I0503 10:49:08.555773 32343 context_gpu.cu:321] GPU 0: 3950 MB
I0503 10:49:08.555888 32343 context_gpu.cu:321] GPU 1: 3571 MB
I0503 10:49:08.555932 32343 context_gpu.cu:325] Total: 7522 MB
I0503 10:49:08.589673 32349 context_gpu.cu:321] GPU 0: 4090 MB
I0503 10:49:08.589694 32349 context_gpu.cu:321] GPU 1: 3571 MB
I0503 10:49:08.589700 32349 context_gpu.cu:325] Total: 7662 MB
I0503 10:49:08.619581 32349 context_gpu.cu:321] GPU 0: 4184 MB
I0503 10:49:08.619601 32349 context_gpu.cu:321] GPU 1: 3607 MB
I0503 10:49:08.619606 32349 context_gpu.cu:325] Total: 7791 MB
I0503 10:49:08.636382 32345 context_gpu.cu:321] GPU 0: 4305 MB
I0503 10:49:08.636404 32345 context_gpu.cu:321] GPU 1: 3615 MB
I0503 10:49:08.636409 32345 context_gpu.cu:325] Total: 7920 MB
I0503 10:49:08.664132 32344 context_gpu.cu:321] GPU 0: 4405 MB
I0503 10:49:08.664182 32344 context_gpu.cu:321] GPU 1: 3662 MB
I0503 10:49:08.664191 32344 context_gpu.cu:325] Total: 8067 MB
I0503 10:49:08.700546 32349 context_gpu.cu:321] GPU 0: 4544 MB
I0503 10:49:08.700598 32349 context_gpu.cu:321] GPU 1: 3684 MB
I0503 10:49:08.700613 32349 context_gpu.cu:325] Total: 8229 MB
I0503 10:49:08.748519 32344 context_gpu.cu:321] GPU 0: 4649 MB
I0503 10:49:08.748550 32344 context_gpu.cu:321] GPU 1: 3709 MB
I0503 10:49:08.748554 32344 context_gpu.cu:325] Total: 8359 MB
I0503 10:49:08.779714 32349 context_gpu.cu:321] GPU 0: 4722 MB
I0503 10:49:08.779752 32349 context_gpu.cu:321] GPU 1: 3784 MB
I0503 10:49:08.779762 32349 context_gpu.cu:325] Total: 8506 MB
I0503 10:49:08.797009 32349 context_gpu.cu:321] GPU 0: 4835 MB
I0503 10:49:08.797040 32349 context_gpu.cu:321] GPU 1: 3844 MB
I0503 10:49:08.797049 32349 context_gpu.cu:325] Total: 8680 MB
I0503 10:49:08.863623 32347 context_gpu.cu:321] GPU 0: 4950 MB
I0503 10:49:08.863792 32347 context_gpu.cu:321] GPU 1: 3878 MB
I0503 10:49:08.863839 32347 context_gpu.cu:325] Total: 8828 MB
I0503 10:49:08.918756 32347 context_gpu.cu:321] GPU 0: 5058 MB
I0503 10:49:08.918788 32347 context_gpu.cu:321] GPU 1: 3917 MB
I0503 10:49:08.918794 32347 context_gpu.cu:325] Total: 8976 MB
I0503 10:49:08.968933 32342 context_gpu.cu:321] GPU 0: 5097 MB
I0503 10:49:08.968962 32342 context_gpu.cu:321] GPU 1: 4022 MB
I0503 10:49:08.968968 32342 context_gpu.cu:325] Total: 9119 MB
I0503 10:49:09.090883 32347 context_gpu.cu:321] GPU 0: 5159 MB
I0503 10:49:09.090919 32347 context_gpu.cu:321] GPU 1: 4096 MB
I0503 10:49:09.090924 32347 context_gpu.cu:325] Total: 9255 MB
I0503 10:49:09.103529 32343 context_gpu.cu:321] GPU 0: 5159 MB
I0503 10:49:09.103549 32343 context_gpu.cu:321] GPU 1: 4224 MB
I0503 10:49:09.103554 32343 context_gpu.cu:325] Total: 9384 MB
I0503 10:49:09.141991 32347 context_gpu.cu:321] GPU 0: 5261 MB
I0503 10:49:09.142241 32347 context_gpu.cu:321] GPU 1: 4265 MB
I0503 10:49:09.142295 32347 context_gpu.cu:325] Total: 9526 MB
I0503 10:49:09.196388 32347 context_gpu.cu:321] GPU 0: 5286 MB
I0503 10:49:09.196429 32347 context_gpu.cu:321] GPU 1: 4375 MB
I0503 10:49:09.196435 32347 context_gpu.cu:325] Total: 9661 MB
I0503 10:49:09.230473 32348 context_gpu.cu:321] GPU 0: 5323 MB
I0503 10:49:09.230516 32348 context_gpu.cu:321] GPU 1: 4487 MB
I0503 10:49:09.230522 32348 context_gpu.cu:325] Total: 9810 MB
I0503 10:49:09.336730 32347 context_gpu.cu:321] GPU 0: 5345 MB
I0503 10:49:09.336766 32347 context_gpu.cu:321] GPU 1: 4608 MB
I0503 10:49:09.336772 32347 context_gpu.cu:325] Total: 9954 MB
I0503 10:49:09.972234 32342 context_gpu.cu:321] GPU 0: 5421 MB
I0503 10:49:09.972268 32342 context_gpu.cu:321] GPU 1: 4684 MB
I0503 10:49:09.972275 32342 context_gpu.cu:325] Total: 10105 MB
terminate called after throwing an instance of 'caffe2::EnforceNotMet'
  what():  [enforce fail at context_gpu.cu:343] error == cudaSuccess. 2 vs 0. Error at: /home/data/liuyong/choas/method/caffe2/caffe2/core/context_gpu.cu:343: out of memory Error from operator: 
input: "gpu_1/retnet_cos_conv_n3_fpn3" input: "gpu_1/retnet_cos_pred_fpn3_w" input: "gpu_1/__m33_shared" output: "_gpu_1/retnet_cos_pred_fpn3_w_grad_autosplit_3" output: "_gpu_1/retnet_cos_pred_fpn3_b_grad_autosplit_3" output: "gpu_1/__m20_shared" name: "" type: "ConvGradient" arg { name: "kernel" i: 3 } arg { name: "exhaustive_search" i: 0 } arg { name: "pad" i: 1 } arg { name: "order" s: "NCHW" } arg { name: "stride" i: 1 } device_option { device_type: 1 cuda_gpu_id: 1 } engine: "CUDNN" is_gradient_op: true
terminate called recursively
*** Aborted at 1525315750 (unix time) try "date -d @1525315750" if you are using GNU date ***
terminate called recursively
PC: @     0x7f26f6cc4428 gsignal
terminate called recursively
*** SIGABRT (@0x3f200007d47) received by PID 32071 (TID 0x7f23a4b3d700) from PID 32071; stack trace: ***
terminate called recursively
    @     0x7f26f777a390 (unknown)
    @     0x7f26f6cc4428 gsignal
    @     0x7f26f6cc602a abort
    @     0x7f26ed08445d __gnu_cxx::__verbose_terminate_handler()
    @     0x7f26ed0824c6 (unknown)
    @     0x7f26ed082511 std::terminate()
    @     0x7f26ed0ac318 (unknown)
    @     0x7f26f77706ba start_thread
    @     0x7f26f6d9641d clone
terminate called recursively
    @                0x0 (unknown)
